2025-02-03 12:43:57,628 - basicLogger - INFO - Request received
2025-02-03 12:46:44,419 - basicLogger - INFO - Received event trackAlerts with a trace id of b6a8d7f2-345c-4a9e-b123-6a7e5f8c9d10
2025-02-03 12:47:04,440 - basicLogger - INFO - Received event trackGPS with a trace id of b6a8d7f2-345c-4a9e-b123-6a7e5f8c9d10
2025-02-03 12:53:19,244 - basicLogger - INFO - Received event trackGPS with a trace id of b6a8d7f2-345c-4a9e-b123-6a7e5f8c9d10
2025-02-03 12:53:21,599 - basicLogger - INFO - Response for event trackGPS (id: b6a8d7f2-345c-4a9e-b123-6a7e5f8c9d10) has status 201
2025-02-03 12:53:23,541 - basicLogger - INFO - Received event trackAlerts with a trace id of b6a8d7f2-345c-4a9e-b123-6a7e5f8c9d10
2025-02-03 12:53:26,017 - basicLogger - INFO - Response for event trackAlerts (id: b6a8d7f2-345c-4a9e-b123-6a7e5f8c9d10) has status 201
2025-02-03 13:04:44,681 - basicLogger - INFO - Received event trackGPS with a trace id of b6a8d7f2-345c-4a9e-b123-6a7e5f8c9d10
2025-02-03 13:04:47,059 - basicLogger - INFO - Response for event trackGPS (id: b6a8d7f2-345c-4a9e-b123-6a7e5f8c9d10) has status 201
2025-02-03 13:04:48,733 - basicLogger - INFO - Received event trackAlerts with a trace id of b6a8d7f2-345c-4a9e-b123-6a7e5f8c9d10
2025-02-03 13:04:51,101 - basicLogger - INFO - Response for event trackAlerts (id: b6a8d7f2-345c-4a9e-b123-6a7e5f8c9d10) has status 201
2025-02-03 13:08:48,597 - basicLogger - INFO - Received event trackGPS with a trace id of 365ee31e-1ed4-40f1-ab0a-985d893f7122
2025-02-03 13:08:51,077 - basicLogger - INFO - Response for event trackGPS (id: 365ee31e-1ed4-40f1-ab0a-985d893f7122) has status 201
2025-02-03 13:08:51,478 - basicLogger - INFO - Received event trackAlerts with a trace id of f6bc33e1-ccc4-420a-ae4f-cbfbfb70479a
2025-02-03 13:08:53,823 - basicLogger - INFO - Response for event trackAlerts (id: f6bc33e1-ccc4-420a-ae4f-cbfbfb70479a) has status 201
2025-02-03 13:08:53,830 - basicLogger - INFO - Received event trackGPS with a trace id of 59d9e994-e8af-43e7-a3e7-c6ba2ac4952f
2025-02-03 13:08:56,219 - basicLogger - INFO - Response for event trackGPS (id: 59d9e994-e8af-43e7-a3e7-c6ba2ac4952f) has status 201
2025-02-03 13:08:56,225 - basicLogger - INFO - Received event trackAlerts with a trace id of 27ffca3d-d7e8-4675-a993-91caf269d21e
2025-02-03 13:08:58,569 - basicLogger - INFO - Response for event trackAlerts (id: 27ffca3d-d7e8-4675-a993-91caf269d21e) has status 201
2025-02-03 13:08:58,576 - basicLogger - INFO - Received event trackGPS with a trace id of 9c139e04-4103-434a-94b5-f1cf4edf4022
2025-02-03 13:09:01,093 - basicLogger - INFO - Response for event trackGPS (id: 9c139e04-4103-434a-94b5-f1cf4edf4022) has status 201
2025-02-03 13:13:13,780 - basicLogger - INFO - Received event trackGPS with a trace id of a8b4e2a1-5883-40aa-bd4e-eed4c81fda7d
2025-02-03 13:13:16,068 - basicLogger - INFO - Response for event trackGPS (id: a8b4e2a1-5883-40aa-bd4e-eed4c81fda7d) has status 201
2025-02-03 13:13:16,091 - basicLogger - INFO - Received event trackAlerts with a trace id of a7066146-84f2-45a9-9612-033168a4b0c3
2025-02-03 13:13:18,389 - basicLogger - INFO - Response for event trackAlerts (id: a7066146-84f2-45a9-9612-033168a4b0c3) has status 201
2025-02-03 13:13:18,402 - basicLogger - INFO - Received event trackGPS with a trace id of 71409285-e621-4d8a-9f28-9059bcc04776
2025-02-03 13:13:20,737 - basicLogger - INFO - Response for event trackGPS (id: 71409285-e621-4d8a-9f28-9059bcc04776) has status 201
2025-02-03 13:13:20,742 - basicLogger - INFO - Received event trackAlerts with a trace id of 801d30ab-9851-4460-9326-54cc82067d6f
2025-02-03 13:13:23,051 - basicLogger - INFO - Response for event trackAlerts (id: 801d30ab-9851-4460-9326-54cc82067d6f) has status 201
2025-02-03 13:15:26,453 - basicLogger - INFO - Received event trackGPS with a trace id of de8d3e68-5037-444f-b805-c99ed7151313
2025-02-03 13:15:28,801 - basicLogger - INFO - Response for event trackGPS (id: de8d3e68-5037-444f-b805-c99ed7151313) has status 201
2025-02-03 13:15:28,843 - basicLogger - INFO - Received event trackAlerts with a trace id of b3ab09a8-52f7-4c24-b62e-3e6b604bf9c6
2025-02-03 13:15:31,133 - basicLogger - INFO - Response for event trackAlerts (id: b3ab09a8-52f7-4c24-b62e-3e6b604bf9c6) has status 201
2025-02-03 13:15:31,139 - basicLogger - INFO - Received event trackGPS with a trace id of 16971000-60f8-4fe9-89d0-f45fcf4f8810
2025-02-03 13:15:33,458 - basicLogger - INFO - Response for event trackGPS (id: 16971000-60f8-4fe9-89d0-f45fcf4f8810) has status 201
2025-02-03 13:15:33,464 - basicLogger - INFO - Received event trackAlerts with a trace id of 11e45f06-2f2e-4ef9-9273-f1063fe9f17a
2025-02-03 13:15:35,784 - basicLogger - INFO - Response for event trackAlerts (id: 11e45f06-2f2e-4ef9-9273-f1063fe9f17a) has status 201
2025-02-03 13:15:35,789 - basicLogger - INFO - Received event trackGPS with a trace id of 0b49d373-56d6-4dbb-96b8-e13207b77428
2025-02-03 13:15:38,079 - basicLogger - INFO - Response for event trackGPS (id: 0b49d373-56d6-4dbb-96b8-e13207b77428) has status 201
2025-02-03 13:15:38,085 - basicLogger - INFO - Received event trackAlerts with a trace id of f4d300df-75dd-4a45-be09-5c39f625956c
2025-02-03 13:15:40,389 - basicLogger - INFO - Response for event trackAlerts (id: f4d300df-75dd-4a45-be09-5c39f625956c) has status 201
2025-02-03 13:15:40,394 - basicLogger - INFO - Received event trackGPS with a trace id of 081ca308-f475-4648-a474-abe206cbc7b1
2025-02-03 13:15:42,721 - basicLogger - INFO - Response for event trackGPS (id: 081ca308-f475-4648-a474-abe206cbc7b1) has status 201
2025-02-03 13:16:38,707 - basicLogger - INFO - Received event trackGPS with a trace id of 4f62304a-5957-4d2b-8dc0-15cfb5ac30c1
2025-02-03 13:16:41,031 - basicLogger - INFO - Response for event trackGPS (id: 4f62304a-5957-4d2b-8dc0-15cfb5ac30c1) has status 201
2025-02-03 13:16:41,093 - basicLogger - INFO - Received event trackAlerts with a trace id of 7eefe819-a2bc-4866-b39e-b4f5ef739da2
2025-02-03 13:16:43,393 - basicLogger - INFO - Response for event trackAlerts (id: 7eefe819-a2bc-4866-b39e-b4f5ef739da2) has status 201
2025-02-03 13:16:43,419 - basicLogger - INFO - Received event trackGPS with a trace id of 66e3638c-e9e1-4eba-81dc-c62f0f257172
2025-02-03 13:16:45,699 - basicLogger - INFO - Response for event trackGPS (id: 66e3638c-e9e1-4eba-81dc-c62f0f257172) has status 201
2025-02-03 13:16:45,703 - basicLogger - INFO - Received event trackAlerts with a trace id of ee70b524-96d8-44f2-9dca-35b2105b13df
2025-02-03 13:16:48,022 - basicLogger - INFO - Response for event trackAlerts (id: ee70b524-96d8-44f2-9dca-35b2105b13df) has status 201
2025-02-03 13:16:48,027 - basicLogger - INFO - Received event trackGPS with a trace id of 84ae0de9-8b0a-49e4-bd48-4b9f8051dcec
2025-02-03 13:16:50,352 - basicLogger - INFO - Response for event trackGPS (id: 84ae0de9-8b0a-49e4-bd48-4b9f8051dcec) has status 201
2025-02-03 13:16:50,356 - basicLogger - INFO - Received event trackAlerts with a trace id of 1dc19a7b-56db-47b9-bd49-1138d483ea2e
2025-02-03 13:16:52,651 - basicLogger - INFO - Response for event trackAlerts (id: 1dc19a7b-56db-47b9-bd49-1138d483ea2e) has status 201
2025-02-03 13:18:58,760 - basicLogger - INFO - Received event trackGPS with a trace id of 4dc70978-a391-4fa1-a909-01875dfdc52b
2025-02-03 13:19:01,090 - basicLogger - INFO - Response for event trackGPS (id: 4dc70978-a391-4fa1-a909-01875dfdc52b) has status 201
2025-02-03 13:19:01,117 - basicLogger - INFO - Received event trackAlerts with a trace id of 34c4a6ad-8e15-4fe5-900f-598a9722e70b
2025-02-03 13:19:03,413 - basicLogger - INFO - Response for event trackAlerts (id: 34c4a6ad-8e15-4fe5-900f-598a9722e70b) has status 201
2025-02-03 13:19:03,437 - basicLogger - INFO - Received event trackGPS with a trace id of 1a7ad077-5b32-42a4-b4c5-b38df2659745
2025-02-03 13:19:05,747 - basicLogger - INFO - Response for event trackGPS (id: 1a7ad077-5b32-42a4-b4c5-b38df2659745) has status 201
2025-02-03 13:22:24,982 - basicLogger - INFO - Received event trackGPS with a trace id of c055ac28-33be-4357-b244-fc557d443a29
2025-02-03 13:22:27,506 - basicLogger - INFO - Response for event trackGPS (id: c055ac28-33be-4357-b244-fc557d443a29) has status 201
2025-02-03 13:22:27,510 - basicLogger - INFO - Received event trackAlerts with a trace id of 9b5c9296-91ce-4154-a429-bd3fb1df6a9c
2025-02-03 13:22:29,815 - basicLogger - INFO - Response for event trackAlerts (id: 9b5c9296-91ce-4154-a429-bd3fb1df6a9c) has status 201
2025-02-03 13:22:29,820 - basicLogger - INFO - Received event trackGPS with a trace id of 51013630-9603-436f-b30d-bb5db97cb93b
2025-02-03 13:22:32,185 - basicLogger - INFO - Response for event trackGPS (id: 51013630-9603-436f-b30d-bb5db97cb93b) has status 201
2025-02-03 13:22:32,190 - basicLogger - INFO - Received event trackAlerts with a trace id of bdfb8ffa-4e92-4071-a87a-6db58ab272a9
2025-02-03 13:22:34,532 - basicLogger - INFO - Response for event trackAlerts (id: bdfb8ffa-4e92-4071-a87a-6db58ab272a9) has status 201
2025-02-03 13:22:34,537 - basicLogger - INFO - Received event trackGPS with a trace id of 5ddcff0b-26c1-476c-ae1d-ea9da06c78ac
2025-02-03 13:22:36,904 - basicLogger - INFO - Response for event trackGPS (id: 5ddcff0b-26c1-476c-ae1d-ea9da06c78ac) has status 201
2025-02-03 13:22:36,908 - basicLogger - INFO - Received event trackAlerts with a trace id of 3e7716a3-af84-4411-827f-a282d5d010e9
2025-02-03 13:22:39,247 - basicLogger - INFO - Response for event trackAlerts (id: 3e7716a3-af84-4411-827f-a282d5d010e9) has status 201
2025-02-03 13:22:39,251 - basicLogger - INFO - Received event trackGPS with a trace id of 1102c0b7-7287-4496-9b5b-80ced32e9f13
2025-02-03 13:22:41,589 - basicLogger - INFO - Response for event trackGPS (id: 1102c0b7-7287-4496-9b5b-80ced32e9f13) has status 201
2025-02-06 10:44:05,227 - basicLogger - INFO - Receiver Service received
2025-02-06 10:51:56,945 - basicLogger - INFO - Received event trackGPS with a trace id of b6a8d7f2-345c-4a9e-b123-6a7e5f8c9d10
2025-02-06 10:52:00,495 - basicLogger - INFO - Response for event trackGPS (id: b6a8d7f2-345c-4a9e-b123-6a7e5f8c9d10) has status 201
2025-02-06 10:52:03,730 - basicLogger - INFO - Received event trackAlerts with a trace id of b6a8d7f2-345c-4a9e-b123-6a7e5f8c9d10
2025-02-06 10:52:06,921 - basicLogger - INFO - Response for event trackAlerts (id: b6a8d7f2-345c-4a9e-b123-6a7e5f8c9d10) has status 201
2025-02-06 10:53:35,318 - basicLogger - INFO - Received event trackGPS with a trace id of 8bd28505-d63d-44fc-b070-2bc1e1ab4a08
2025-02-06 10:53:38,491 - basicLogger - INFO - Response for event trackGPS (id: 8bd28505-d63d-44fc-b070-2bc1e1ab4a08) has status 201
2025-02-06 10:53:38,525 - basicLogger - INFO - Received event trackAlerts with a trace id of 989f26a7-6409-44b3-9c01-c43c8d6c0af0
2025-02-06 10:53:41,725 - basicLogger - INFO - Response for event trackAlerts (id: 989f26a7-6409-44b3-9c01-c43c8d6c0af0) has status 201
2025-02-06 10:53:41,740 - basicLogger - INFO - Received event trackGPS with a trace id of 3536a926-4677-4d11-b8b1-32d8b6185341
2025-02-06 10:53:44,896 - basicLogger - INFO - Response for event trackGPS (id: 3536a926-4677-4d11-b8b1-32d8b6185341) has status 201
2025-02-06 10:53:44,912 - basicLogger - INFO - Received event trackAlerts with a trace id of a03937d9-fa38-45fb-ba40-aec533184a7a
2025-02-06 10:53:48,050 - basicLogger - INFO - Response for event trackAlerts (id: a03937d9-fa38-45fb-ba40-aec533184a7a) has status 201
2025-02-06 10:53:48,060 - basicLogger - INFO - Received event trackGPS with a trace id of 0acb51f9-c221-41b2-b5ab-f8581d4e3798
2025-02-06 10:53:51,272 - basicLogger - INFO - Response for event trackGPS (id: 0acb51f9-c221-41b2-b5ab-f8581d4e3798) has status 201
2025-02-06 12:10:30,800 - basicLogger - INFO - Receiver Service received
2025-02-06 12:11:04,251 - basicLogger - INFO - Received event trackGPS with a trace id of b6a8d7f2-345c-4a9e-b123-6a7e5f8c9d10
2025-02-06 12:11:07,281 - basicLogger - INFO - Response for event trackGPS (id: b6a8d7f2-345c-4a9e-b123-6a7e5f8c9d10) has status 201
2025-02-06 12:11:08,897 - basicLogger - INFO - Received event trackAlerts with a trace id of b6a8d7f2-345c-4a9e-b123-6a7e5f8c9d10
2025-02-06 12:11:12,114 - basicLogger - INFO - Response for event trackAlerts (id: b6a8d7f2-345c-4a9e-b123-6a7e5f8c9d10) has status 201
2025-02-06 12:15:42,934 - basicLogger - INFO - Received event trackAlerts with a trace id of b6a8d7f2-345c-4a9e-b123-6a7e5f8c9d10
2025-02-06 12:15:45,668 - basicLogger - INFO - Response for event trackAlerts (id: b6a8d7f2-345c-4a9e-b123-6a7e5f8c9d10) has status 201
2025-02-06 12:15:47,659 - basicLogger - INFO - Received event trackGPS with a trace id of b6a8d7f2-345c-4a9e-b123-6a7e5f8c9d10
2025-02-06 12:15:50,859 - basicLogger - INFO - Response for event trackGPS (id: b6a8d7f2-345c-4a9e-b123-6a7e5f8c9d10) has status 201
2025-02-06 12:16:11,542 - basicLogger - INFO - Received event trackGPS with a trace id of ad0bc2c2-33f6-4231-997b-62dd6d6f4fec
2025-02-06 12:16:14,355 - basicLogger - INFO - Response for event trackGPS (id: ad0bc2c2-33f6-4231-997b-62dd6d6f4fec) has status 201
2025-02-06 12:16:14,363 - basicLogger - INFO - Received event trackAlerts with a trace id of 92673191-9e4b-44fc-b619-443bcb8a10a1
2025-02-06 12:16:17,581 - basicLogger - INFO - Response for event trackAlerts (id: 92673191-9e4b-44fc-b619-443bcb8a10a1) has status 201
2025-02-06 12:16:17,592 - basicLogger - INFO - Received event trackGPS with a trace id of f830cb30-0895-41a7-8fef-9a5529720ccb
2025-02-06 12:16:20,853 - basicLogger - INFO - Response for event trackGPS (id: f830cb30-0895-41a7-8fef-9a5529720ccb) has status 201
2025-02-06 12:16:20,868 - basicLogger - INFO - Received event trackAlerts with a trace id of 9ff553c4-daa8-42cb-9fd2-f5e19b4f537d
2025-02-06 12:16:24,196 - basicLogger - INFO - Response for event trackAlerts (id: 9ff553c4-daa8-42cb-9fd2-f5e19b4f537d) has status 201
2025-02-06 12:16:24,213 - basicLogger - INFO - Received event trackGPS with a trace id of e1dbd764-5bf7-4102-898c-e9022a3bf9d7
2025-02-06 12:16:27,393 - basicLogger - INFO - Response for event trackGPS (id: e1dbd764-5bf7-4102-898c-e9022a3bf9d7) has status 201
2025-02-06 12:29:37,810 - basicLogger - INFO - Received event trackGPS with a trace id of 0a03ae5d-1973-4229-ba17-a970c94266a1
2025-02-06 12:29:41,632 - basicLogger - INFO - Response for event trackGPS (id: 0a03ae5d-1973-4229-ba17-a970c94266a1) has status 500
2025-02-06 12:29:41,641 - basicLogger - INFO - Received event trackAlerts with a trace id of 0a163f4c-5afc-4e5e-88d5-d761eb45bba4
2025-02-06 12:29:44,950 - basicLogger - INFO - Response for event trackAlerts (id: 0a163f4c-5afc-4e5e-88d5-d761eb45bba4) has status 500
2025-02-06 12:29:44,958 - basicLogger - INFO - Received event trackGPS with a trace id of a08ecdfe-d2ef-4f05-a1d7-4fe4c75bbe59
2025-02-06 12:29:48,137 - basicLogger - INFO - Response for event trackGPS (id: a08ecdfe-d2ef-4f05-a1d7-4fe4c75bbe59) has status 500
2025-02-06 12:29:48,152 - basicLogger - INFO - Received event trackAlerts with a trace id of af97bffa-76dd-4dc1-ba3f-c6f15e5ed5cd
2025-02-06 12:29:51,290 - basicLogger - INFO - Response for event trackAlerts (id: af97bffa-76dd-4dc1-ba3f-c6f15e5ed5cd) has status 500
2025-02-06 12:29:51,300 - basicLogger - INFO - Received event trackGPS with a trace id of af14f45f-0e07-426e-a87a-0d8e957e6d67
2025-02-06 12:29:54,529 - basicLogger - INFO - Response for event trackGPS (id: af14f45f-0e07-426e-a87a-0d8e957e6d67) has status 500
2025-02-06 12:29:54,539 - basicLogger - INFO - Received event trackAlerts with a trace id of 47ae9129-dc23-4fe3-b0a1-ae17b096c72a
2025-02-06 12:29:57,619 - basicLogger - INFO - Response for event trackAlerts (id: 47ae9129-dc23-4fe3-b0a1-ae17b096c72a) has status 500
2025-02-06 12:29:57,632 - basicLogger - INFO - Received event trackGPS with a trace id of 22c64693-8560-4dfd-847a-318338734a82
2025-02-06 12:30:00,910 - basicLogger - INFO - Response for event trackGPS (id: 22c64693-8560-4dfd-847a-318338734a82) has status 500
2025-02-06 12:30:00,924 - basicLogger - INFO - Received event trackAlerts with a trace id of 8efddced-6063-4ddd-9959-4cc844dc13a7
2025-02-06 12:30:04,033 - basicLogger - INFO - Response for event trackAlerts (id: 8efddced-6063-4ddd-9959-4cc844dc13a7) has status 500
2025-02-06 12:30:04,046 - basicLogger - INFO - Received event trackGPS with a trace id of 0a74c6a9-4262-4f08-8ed2-dc36f36f5ec6
2025-02-06 12:30:07,256 - basicLogger - INFO - Response for event trackGPS (id: 0a74c6a9-4262-4f08-8ed2-dc36f36f5ec6) has status 500
2025-02-06 12:30:07,282 - basicLogger - INFO - Received event trackAlerts with a trace id of 4834e426-0543-4888-abfd-010b9aa8adc6
2025-02-06 12:30:10,582 - basicLogger - INFO - Response for event trackAlerts (id: 4834e426-0543-4888-abfd-010b9aa8adc6) has status 500
2025-02-06 12:30:10,590 - basicLogger - INFO - Received event trackGPS with a trace id of c284e492-ad79-47fb-be4a-070cc46a162f
2025-02-06 12:30:13,873 - basicLogger - INFO - Response for event trackGPS (id: c284e492-ad79-47fb-be4a-070cc46a162f) has status 500
2025-02-06 12:31:35,714 - basicLogger - INFO - Receiver Service received
2025-02-06 12:32:13,974 - basicLogger - INFO - Receiver Service received
2025-02-06 12:32:40,016 - basicLogger - INFO - Receiver Service received
2025-02-06 12:33:58,759 - basicLogger - INFO - Receiver Service received
2025-02-06 12:34:02,393 - basicLogger - INFO - Received event trackGPS with a trace id of 1738874042393231400
2025-02-06 12:34:06,569 - basicLogger - INFO - Response for event trackGPS (id: 1738874042393231400) has status 400
2025-02-06 12:35:13,132 - basicLogger - INFO - Received event trackGPS with a trace id of 1738874113132325200
2025-02-06 12:35:16,576 - basicLogger - INFO - Response for event trackGPS (id: 1738874113132325200) has status 201
2025-02-06 12:36:21,300 - basicLogger - INFO - Received event trackAlerts with a trace id of 1738874181300820800
2025-02-06 12:36:24,582 - basicLogger - INFO - Response for event trackAlerts (id: 1738874181300820800) has status 201
2025-02-06 12:37:35,294 - basicLogger - INFO - Received event trackGPS with a trace id of 1738874255294829300
2025-02-06 12:37:38,444 - basicLogger - INFO - Response for event trackGPS (id: 1738874255294829300) has status 201
2025-02-06 12:37:38,456 - basicLogger - INFO - Received event trackAlerts with a trace id of 1738874258456498300
2025-02-06 12:37:41,633 - basicLogger - INFO - Response for event trackAlerts (id: 1738874258456498300) has status 201
2025-02-06 12:37:41,644 - basicLogger - INFO - Received event trackGPS with a trace id of 1738874261644409500
2025-02-06 12:37:44,815 - basicLogger - INFO - Response for event trackGPS (id: 1738874261644409500) has status 201
2025-02-06 12:51:46,001 - basicLogger - INFO - Received event trackGPS with a trace id of 1738875106001870200
2025-02-06 12:51:48,311 - basicLogger - INFO - Response for event trackGPS (id: 1738875106001870200) has status 201
2025-02-06 12:51:48,314 - basicLogger - INFO - Received event trackAlerts with a trace id of 1738875108314010200
2025-02-06 12:51:50,643 - basicLogger - INFO - Response for event trackAlerts (id: 1738875108314010200) has status 201
2025-02-06 12:51:50,647 - basicLogger - INFO - Received event trackGPS with a trace id of 1738875110647479300
2025-02-06 12:51:52,971 - basicLogger - INFO - Response for event trackGPS (id: 1738875110647479300) has status 201
2025-02-06 12:51:52,974 - basicLogger - INFO - Received event trackAlerts with a trace id of 1738875112974542100
2025-02-06 12:51:55,306 - basicLogger - INFO - Response for event trackAlerts (id: 1738875112974542100) has status 201
2025-02-06 12:51:55,310 - basicLogger - INFO - Received event trackGPS with a trace id of 1738875115310090800
2025-02-06 12:51:57,616 - basicLogger - INFO - Response for event trackGPS (id: 1738875115310090800) has status 201
2025-02-06 12:51:57,620 - basicLogger - INFO - Received event trackAlerts with a trace id of 1738875117620936600
2025-02-06 12:51:59,963 - basicLogger - INFO - Response for event trackAlerts (id: 1738875117620936600) has status 201
2025-02-06 12:52:05,600 - basicLogger - INFO - Received event trackGPS with a trace id of 1738875125600338900
2025-02-06 12:52:07,926 - basicLogger - INFO - Response for event trackGPS (id: 1738875125600338900) has status 201
2025-02-06 12:52:07,930 - basicLogger - INFO - Received event trackAlerts with a trace id of 1738875127930033400
2025-02-06 12:52:10,229 - basicLogger - INFO - Response for event trackAlerts (id: 1738875127930033400) has status 201
2025-02-06 12:52:10,232 - basicLogger - INFO - Received event trackGPS with a trace id of 1738875130232826100
2025-02-06 12:52:12,546 - basicLogger - INFO - Response for event trackGPS (id: 1738875130232826100) has status 201
2025-02-06 12:52:12,549 - basicLogger - INFO - Received event trackAlerts with a trace id of 1738875132549690300
2025-02-06 12:52:14,882 - basicLogger - INFO - Response for event trackAlerts (id: 1738875132549690300) has status 201
2025-02-06 12:52:14,885 - basicLogger - INFO - Received event trackGPS with a trace id of 1738875134885641200
2025-02-06 12:52:17,211 - basicLogger - INFO - Response for event trackGPS (id: 1738875134885641200) has status 201
2025-02-06 12:52:17,215 - basicLogger - INFO - Received event trackAlerts with a trace id of 1738875137215184800
2025-02-06 12:52:19,546 - basicLogger - INFO - Response for event trackAlerts (id: 1738875137215184800) has status 201
2025-02-06 12:52:19,550 - basicLogger - INFO - Received event trackGPS with a trace id of 1738875139550024100
2025-02-06 12:52:21,854 - basicLogger - INFO - Response for event trackGPS (id: 1738875139550024100) has status 201
2025-02-06 12:59:31,653 - basicLogger - INFO - Received event trackGPS with a trace id of 1738875571653086600
2025-02-06 12:59:34,213 - basicLogger - INFO - Response for event trackGPS (id: 1738875571653086600) has status 201
2025-02-06 12:59:34,218 - basicLogger - INFO - Received event trackAlerts with a trace id of 1738875574218012700
2025-02-06 12:59:36,875 - basicLogger - INFO - Response for event trackAlerts (id: 1738875574218012700) has status 201
2025-02-06 12:59:36,879 - basicLogger - INFO - Received event trackGPS with a trace id of 1738875576879154200
2025-02-06 12:59:39,395 - basicLogger - INFO - Response for event trackGPS (id: 1738875576879154200) has status 201
2025-02-06 12:59:39,399 - basicLogger - INFO - Received event trackAlerts with a trace id of 1738875579399575300
2025-02-06 12:59:41,737 - basicLogger - INFO - Response for event trackAlerts (id: 1738875579399575300) has status 201
2025-02-06 12:59:41,741 - basicLogger - INFO - Received event trackGPS with a trace id of 1738875581741311200
2025-02-06 12:59:44,064 - basicLogger - INFO - Response for event trackGPS (id: 1738875581741311200) has status 201
2025-02-06 12:59:44,068 - basicLogger - INFO - Received event trackAlerts with a trace id of 1738875584068536000
2025-02-06 12:59:46,562 - basicLogger - INFO - Response for event trackAlerts (id: 1738875584068536000) has status 201
2025-02-06 12:59:46,566 - basicLogger - INFO - Received event trackGPS with a trace id of 1738875586566745300
2025-02-06 12:59:49,088 - basicLogger - INFO - Response for event trackGPS (id: 1738875586566745300) has status 201
2025-02-06 12:59:49,092 - basicLogger - INFO - Received event trackAlerts with a trace id of 1738875589092839400
2025-02-06 12:59:51,603 - basicLogger - INFO - Response for event trackAlerts (id: 1738875589092839400) has status 201
