2025-02-03 12:53:11,911 - basicLogger - INFO - Receiver Service received
2025-02-03 12:53:21,594 - basicLogger - DEBUG - Stored event trackGPS with a trace id of f0693a16-144a-4453-9b65-f1907fed8bee
2025-02-03 12:53:26,011 - basicLogger - DEBUG - Stored event trackAlerts with a trace id of 8690f7b1-bbc5-4605-bd08-1c24976ba5eb
2025-02-03 13:04:47,055 - basicLogger - DEBUG - Stored event trackGPS with a trace id of 4d3f0da7-abf6-4aa9-9017-a6ff861a0092
2025-02-03 13:04:51,097 - basicLogger - DEBUG - Stored event trackAlerts with a trace id of c31fe5a1-2721-446c-a429-2ec922e35586
2025-02-03 13:08:51,072 - basicLogger - DEBUG - Stored event trackGPS with a trace id of 0d415af3-e588-4b23-ac07-fe9cb2f8fb4d
2025-02-03 13:08:53,811 - basicLogger - DEBUG - Stored event trackAlerts with a trace id of caf0c46e-0d4e-422a-bcd4-1a4df95d3886
2025-02-03 13:08:56,214 - basicLogger - DEBUG - Stored event trackGPS with a trace id of 3d76d359-b745-4a6c-b736-85c097f84c38
2025-02-03 13:08:58,565 - basicLogger - DEBUG - Stored event trackAlerts with a trace id of d9f5cc62-5da2-4265-9c30-a069ba27afd4
2025-02-03 13:09:01,089 - basicLogger - DEBUG - Stored event trackGPS with a trace id of e7ae87a4-0387-41fd-a2b0-016fb776a464
2025-02-03 13:13:16,066 - basicLogger - DEBUG - Stored event trackGPS with a trace id of d92e8811-8567-46b8-92c5-7873d275fd4b
2025-02-03 13:13:18,387 - basicLogger - DEBUG - Stored event trackAlerts with a trace id of 94b93277-f26e-4b47-a5ff-285b9d5ed0bd
2025-02-03 13:13:20,734 - basicLogger - DEBUG - Stored event trackGPS with a trace id of 072e8122-432c-469d-bfa8-fdf302e01817
2025-02-03 13:13:23,048 - basicLogger - DEBUG - Stored event trackAlerts with a trace id of e3326843-b0b7-4d3c-8901-8eb49bcc707c
2025-02-03 13:15:28,798 - basicLogger - DEBUG - Stored event trackGPS with a trace id of 86c69598-2dcf-465d-adc6-4be5adfbd0b4
2025-02-03 13:15:31,130 - basicLogger - DEBUG - Stored event trackAlerts with a trace id of 668f7ad7-91de-467c-be5b-ad5816de9d25
2025-02-03 13:15:33,456 - basicLogger - DEBUG - Stored event trackGPS with a trace id of f39e55fa-c698-4b6a-8705-d86a6dcfcf0d
2025-02-03 13:15:35,781 - basicLogger - DEBUG - Stored event trackAlerts with a trace id of 553df7b4-f44d-4348-afcc-d253c982b2be
2025-02-03 13:15:38,076 - basicLogger - DEBUG - Stored event trackGPS with a trace id of dc257805-4c08-4ce5-b350-59b1e898c440
2025-02-03 13:15:40,386 - basicLogger - DEBUG - Stored event trackAlerts with a trace id of 9ec2d1ea-2923-427d-8e1f-796a96655dd5
2025-02-03 13:15:42,718 - basicLogger - DEBUG - Stored event trackGPS with a trace id of 55d6c1fe-f185-4b58-b0ed-980eed4d7407
2025-02-03 13:16:41,029 - basicLogger - DEBUG - Stored event trackGPS with a trace id of 54e2072d-f5a9-4cae-ab6b-2d3b2b7590bb
2025-02-03 13:16:43,391 - basicLogger - DEBUG - Stored event trackAlerts with a trace id of 62120f0e-ef93-4291-a7d0-6c197652e54c
2025-02-03 13:16:45,696 - basicLogger - DEBUG - Stored event trackGPS with a trace id of 14809d50-16ac-4a4d-9f49-968401edc205
2025-02-03 13:16:48,020 - basicLogger - DEBUG - Stored event trackAlerts with a trace id of 72041ffc-0724-406e-a412-9f52664533f2
2025-02-03 13:16:50,347 - basicLogger - DEBUG - Stored event trackGPS with a trace id of a0f0c4f8-ff64-4dbc-b74d-d5d6f6f2a2eb
2025-02-03 13:16:52,649 - basicLogger - DEBUG - Stored event trackAlerts with a trace id of a53876b8-2ee8-4829-96fd-4a258d67b3cf
2025-02-03 13:19:01,088 - basicLogger - DEBUG - Stored event trackGPS with a trace id of 64e60cc2-2670-4fa0-b921-d69daf0dec95
2025-02-03 13:19:03,410 - basicLogger - DEBUG - Stored event trackAlerts with a trace id of e8030678-c499-470e-9d78-5058429b3879
2025-02-03 13:19:05,745 - basicLogger - DEBUG - Stored event trackGPS with a trace id of dbb0ad39-735e-4b19-954b-7884d7d406a1
2025-02-03 13:22:27,501 - basicLogger - DEBUG - Stored event trackGPS with a trace id of 239be1c4-09d5-4d65-8832-defdaaec457f
2025-02-03 13:22:29,812 - basicLogger - DEBUG - Stored event trackAlerts with a trace id of c7f9e28d-5294-49e5-bd85-aca43fc00d78
2025-02-03 13:22:32,181 - basicLogger - DEBUG - Stored event trackGPS with a trace id of 000a28bc-3eec-4cb0-9e77-27a09c03ea7f
2025-02-03 13:22:34,529 - basicLogger - DEBUG - Stored event trackAlerts with a trace id of 72c7c63f-8e96-48ca-bd58-e31b3a53532f
2025-02-03 13:22:36,900 - basicLogger - DEBUG - Stored event trackGPS with a trace id of b26c8644-eb5c-48cc-8e52-d8a3026d39e5
2025-02-03 13:22:39,242 - basicLogger - DEBUG - Stored event trackAlerts with a trace id of 44bfa563-1aca-445f-b707-d451384453ad
2025-02-03 13:22:41,585 - basicLogger - DEBUG - Stored event trackGPS with a trace id of b33e6626-5954-4f9d-928f-86d0b58500e2
2025-02-06 10:47:15,063 - basicLogger - INFO - Receiver Service received
2025-02-06 10:52:00,483 - basicLogger - DEBUG - Stored event trackGPS with a trace id of c15ee852-757d-4aba-bde1-bd4d4d8fef9b
2025-02-06 10:52:06,911 - basicLogger - DEBUG - Stored event trackAlerts with a trace id of b2249653-62b6-411f-9770-24379d2ff880
2025-02-06 10:53:38,477 - basicLogger - DEBUG - Stored event trackGPS with a trace id of 008f19ef-a875-44fb-a922-de755fb7b01c
2025-02-06 10:53:41,715 - basicLogger - DEBUG - Stored event trackAlerts with a trace id of 29318bac-ef67-4156-b1ff-8278a4a40905
2025-02-06 10:53:44,875 - basicLogger - DEBUG - Stored event trackGPS with a trace id of e9347046-7625-4a56-9d89-334ec85b076b
2025-02-06 10:53:48,040 - basicLogger - DEBUG - Stored event trackAlerts with a trace id of 56570c68-82fc-40dc-9bcb-e4db00f9825d
2025-02-06 10:53:51,259 - basicLogger - DEBUG - Stored event trackGPS with a trace id of f418f474-522e-4fef-a9f8-039f0914756a
2025-02-06 10:54:33,709 - basicLogger - INFO - Receiver Service received
2025-02-06 12:10:37,282 - basicLogger - INFO - Receiver Service received
2025-02-06 12:11:07,270 - basicLogger - DEBUG - Stored event trackGPS with a trace id of b6a8d7f2-345c-4a9e-b123-6a7e5f8c9d10
2025-02-06 12:11:12,102 - basicLogger - DEBUG - Stored event trackAlerts with a trace id of b6a8d7f2-345c-4a9e-b123-6a7e5f8c9d10
2025-02-06 12:15:45,659 - basicLogger - DEBUG - Stored event trackAlerts with a trace id of b6a8d7f2-345c-4a9e-b123-6a7e5f8c9d10
2025-02-06 12:15:50,849 - basicLogger - DEBUG - Stored event trackGPS with a trace id of b6a8d7f2-345c-4a9e-b123-6a7e5f8c9d10
2025-02-06 12:16:14,346 - basicLogger - DEBUG - Stored event trackGPS with a trace id of ad0bc2c2-33f6-4231-997b-62dd6d6f4fec
2025-02-06 12:16:17,543 - basicLogger - DEBUG - Stored event trackAlerts with a trace id of 92673191-9e4b-44fc-b619-443bcb8a10a1
2025-02-06 12:16:20,841 - basicLogger - DEBUG - Stored event trackGPS with a trace id of f830cb30-0895-41a7-8fef-9a5529720ccb
2025-02-06 12:16:24,179 - basicLogger - DEBUG - Stored event trackAlerts with a trace id of 9ff553c4-daa8-42cb-9fd2-f5e19b4f537d
2025-02-06 12:16:27,382 - basicLogger - DEBUG - Stored event trackGPS with a trace id of e1dbd764-5bf7-4102-898c-e9022a3bf9d7
2025-02-06 12:29:01,378 - basicLogger - INFO - Receiver Service received
2025-02-06 12:32:10,301 - basicLogger - INFO - Receiver Service received
2025-02-06 12:35:10,892 - basicLogger - INFO - Receiver Service received
2025-02-06 12:35:16,568 - basicLogger - DEBUG - Stored event trackGPS with a trace id of 1738874113132325200
2025-02-06 12:36:24,572 - basicLogger - DEBUG - Stored event trackAlerts with a trace id of 1738874181300820800
2025-02-06 12:37:38,434 - basicLogger - DEBUG - Stored event trackGPS with a trace id of 1738874255294829300
2025-02-06 12:37:41,624 - basicLogger - DEBUG - Stored event trackAlerts with a trace id of 1738874258456498300
2025-02-06 12:37:44,807 - basicLogger - DEBUG - Stored event trackGPS with a trace id of 1738874261644409500
2025-02-06 12:51:48,308 - basicLogger - DEBUG - Stored event trackGPS with a trace id of 1738875106001870200
2025-02-06 12:51:50,638 - basicLogger - DEBUG - Stored event trackAlerts with a trace id of 1738875108314010200
2025-02-06 12:51:52,967 - basicLogger - DEBUG - Stored event trackGPS with a trace id of 1738875110647479300
2025-02-06 12:51:55,303 - basicLogger - DEBUG - Stored event trackAlerts with a trace id of 1738875112974542100
2025-02-06 12:51:57,613 - basicLogger - DEBUG - Stored event trackGPS with a trace id of 1738875115310090800
2025-02-06 12:51:59,960 - basicLogger - DEBUG - Stored event trackAlerts with a trace id of 1738875117620936600
2025-02-06 12:52:07,919 - basicLogger - DEBUG - Stored event trackGPS with a trace id of 1738875125600338900
2025-02-06 12:52:10,226 - basicLogger - DEBUG - Stored event trackAlerts with a trace id of 1738875127930033400
2025-02-06 12:52:12,543 - basicLogger - DEBUG - Stored event trackGPS with a trace id of 1738875130232826100
2025-02-06 12:52:14,879 - basicLogger - DEBUG - Stored event trackAlerts with a trace id of 1738875132549690300
2025-02-06 12:52:17,208 - basicLogger - DEBUG - Stored event trackGPS with a trace id of 1738875134885641200
2025-02-06 12:52:19,544 - basicLogger - DEBUG - Stored event trackAlerts with a trace id of 1738875137215184800
2025-02-06 12:52:21,851 - basicLogger - DEBUG - Stored event trackGPS with a trace id of 1738875139550024100
2025-02-06 12:59:34,209 - basicLogger - DEBUG - Stored event trackGPS with a trace id of 1738875571653086600
2025-02-06 12:59:36,850 - basicLogger - DEBUG - Stored event trackAlerts with a trace id of 1738875574218012700
2025-02-06 12:59:39,391 - basicLogger - DEBUG - Stored event trackGPS with a trace id of 1738875576879154200
2025-02-06 12:59:41,734 - basicLogger - DEBUG - Stored event trackAlerts with a trace id of 1738875579399575300
2025-02-06 12:59:44,060 - basicLogger - DEBUG - Stored event trackGPS with a trace id of 1738875581741311200
2025-02-06 12:59:46,556 - basicLogger - DEBUG - Stored event trackAlerts with a trace id of 1738875584068536000
2025-02-06 12:59:49,085 - basicLogger - DEBUG - Stored event trackGPS with a trace id of 1738875586566745300
2025-02-06 12:59:51,599 - basicLogger - DEBUG - Stored event trackAlerts with a trace id of 1738875589092839400
